<?xml version="1.0" encoding="UTF-8"?>
<!-- Generated by org.testng.reporters.JUnitReportReporter -->
<testsuite hostname="LincolnPC" failures="0" tests="1" name="org.com.Selenium.Selenium_Version_4_Test" time="1.328" errors="0" timestamp="2025-04-21T21:37:51 IST" skipped="0">
  <testcase classname="org.com.Selenium.Selenium_Version_4_Test" name="Selenium_Version_4_Launch" time="1.328"/>
  <system-out/>
</testsuite> <!-- org.com.Selenium.Selenium_Version_4_Test -->
