<?xml version="1.0" encoding="UTF-8"?>
<!-- Generated by org.testng.reporters.JUnitReportReporter -->
<testsuite hostname="LincolnPC" failures="0" tests="1" name="org.com.Selenium.BrokenLinksChecker" time="18.323" errors="0" timestamp="2025-08-28T18:11:53 IST" skipped="0">
  <testcase classname="org.com.Selenium.BrokenLinksChecker" name="GetBrokenLinks" time="18.323"/>
</testsuite> <!-- org.com.Selenium.BrokenLinksChecker -->
