<?xml version="1.0" encoding="UTF-8"?>
<!-- Generated by org.testng.reporters.JUnitReportReporter -->
<testsuite hostname="LincolnPC" failures="0" tests="1" name="org.com.Strings.StringVsBufferVsBuilder" time="0.015" errors="0" timestamp="2025-08-30T22:28:21 IST" skipped="0">
  <testcase classname="org.com.Strings.StringVsBufferVsBuilder" name="String_Using_New" time="0.015"/>
</testsuite> <!-- org.com.Strings.StringVsBufferVsBuilder -->
