<?xml version="1.0" encoding="UTF-8"?>
<!-- Generated by org.testng.reporters.JUnitReportReporter -->
<testsuite hostname="LincolnPC" failures="0" tests="1" name="org.com.Others.KillDrivers" time="0.320" errors="0" timestamp="2025-08-31T18:10:45 IST" skipped="0">
  <testcase classname="org.com.Others.KillDrivers" name="KillEdge" time="0.320"/>
</testsuite> <!-- org.com.Others.KillDrivers -->
