<?xml version="1.0" encoding="UTF-8"?>
<!-- Generated by org.testng.reporters.JUnitReportReporter -->
<testsuite hostname="LincolnPC" failures="0" tests="1" name="org.com.Selenium.BrokenLinks" time="3.491" errors="0" timestamp="2025-08-27T22:49:20 IST" skipped="0">
  <testcase classname="org.com.Selenium.BrokenLinks" name="GetBrokenLinks" time="3.491"/>
</testsuite> <!-- org.com.Selenium.BrokenLinks -->
