<?xml version="1.0" encoding="UTF-8"?>
<!-- Generated by org.testng.reporters.JUnitReportReporter -->
<testsuite hostname="LincolnPC" failures="0" tests="2" name="org.com.Others.KillDrivers" time="0.722" errors="0" timestamp="2025-04-21T20:12:26 IST" skipped="0">
  <testcase classname="org.com.Others.KillDrivers" name="KillEdge" time="0.353"/>
  <system-out/>
  <testcase classname="org.com.Others.KillDrivers" name="KillChromeDriver" time="0.369"/>
  <system-out/>
</testsuite> <!-- org.com.Others.KillDrivers -->
