<?xml version="1.0" encoding="UTF-8"?>
<!-- Generated by org.testng.reporters.JUnitReportReporter -->
<testsuite hostname="LincolnPC" failures="0" tests="2" name="org.com.Selenium.Parallel_Execution" time="7.122" errors="0" timestamp="2025-08-30T21:51:37 IST" skipped="0">
  <testcase classname="org.com.Selenium.Parallel_Execution" name="Launch_Edge" time="3.592"/>
  <testcase classname="org.com.Selenium.Parallel_Execution" name="Launch_Chome" time="3.530"/>
</testsuite> <!-- org.com.Selenium.Parallel_Execution -->
