<?xml version="1.0" encoding="UTF-8"?>
<!-- Generated by org.testng.reporters.JUnitReportReporter -->
<testsuite hostname="LincolnPC" failures="0" tests="1" name="org.com.Selenium.JavascriptExecutorDemo" time="39.176" errors="0" timestamp="2025-08-22T22:02:24 IST" skipped="0">
  <testcase classname="org.com.Selenium.JavascriptExecutorDemo" name="JavascriptExecutor_Click" time="39.176"/>
</testsuite> <!-- org.com.Selenium.JavascriptExecutorDemo -->
