<?xml version="1.0" encoding="UTF-8"?>
<!-- Generated by org.testng.reporters.JUnitReportReporter -->
<testsuite hostname="LincolnPC" failures="0" tests="3" name="org.com.Others.ApachePoiDemo" time="0.031" errors="0" timestamp="2025-08-20T22:53:47 IST" skipped="1">
  <testcase classname="org.com.Others.ApachePoiDemo" name="GetEntireData" time="0.029"/>
  <testcase classname="org.com.Others.ApachePoiDemo" name="GetEntireData" time="0.002"/>
  <testcase classname="org.com.Others.ApachePoiDemo" name="getIndividualData">
    <skipped/>
  </testcase> <!-- getIndividualData -->
</testsuite> <!-- org.com.Others.ApachePoiDemo -->
