<?xml version="1.0" encoding="UTF-8"?>
<!-- Generated by org.testng.reporters.JUnitReportReporter -->
<testsuite hostname="LincolnPC" failures="0" tests="1" name="org.com.Strings.ReverseString_PreserveSpace" time="0.016" errors="0" timestamp="2025-08-30T19:52:45 IST" skipped="0">
  <testcase classname="org.com.Strings.ReverseString_PreserveSpace" name="ReserverSapce" time="0.016"/>
</testsuite> <!-- org.com.Strings.ReverseString_PreserveSpace -->
